07:51:24.497 [main] INFO  testCases.TC_005_FileUploadUsingAutoIT - Enter password!
07:51:24.673 [main] INFO  testCases.TC_005_FileUploadUsingAutoIT - Scrolled To click on LoginButton!
07:51:24.711 [main] INFO  testCases.TC_005_FileUploadUsingAutoIT - clicked on LoginButton!
07:51:28.360 [main] INFO  testCases.TC_005_FileUploadUsingAutoIT - Profile Title is Visible !
07:51:28.374 [main] INFO  testCases.TC_005_FileUploadUsingAutoIT - ****clicked on Logo Link****
07:51:28.506 [main] INFO  testCases.TC_005_FileUploadUsingAutoIT - ****clicked on Profile Logo****
07:52:30.541 [main] INFO  testCases.TC_005_FileUploadUsingAutoIT - ****clicked on ProfileSideBar****
07:52:31.240 [main] INFO  testCases.TC_005_FileUploadUsingAutoIT - ****clicked on EditProfileLink****
07:52:31.473 [main] INFO  testCases.TC_005_FileUploadUsingAutoIT - ****clicked on Passport InputField****
07:52:31.532 [main] INFO  testCases.TC_005_FileUploadUsingAutoIT - ****Selected As YES ****
07:52:31.772 [main] INFO  testCases.TC_005_FileUploadUsingAutoIT - ***opened downloads folder ***
07:52:31.788 [main] INFO  testCases.TC_005_FileUploadUsingAutoIT - ***File Uploaded! ***
07:52:31.788 [main] INFO  testCases.TC_005_FileUploadUsingAutoIT - ***File Uploaded Using properties Path! ***
07:52:36.798 [main] INFO  testCases.TC_005_FileUploadUsingAutoIT - **Clicked SaveChanges! ***
07:52:36.982 [main] INFO  testCases.TC_005_FileUploadUsingAutoIT - ***********Closing the Browser**********
22:31:44.222 [main] INFO  org.testng.internal.Utils - [TestNG] Running:
  C:\Users\MS\eclipse-workspace\BlueChipServicesInternational\MainTestNG.xml

22:31:47.450 [main] INFO  testCases.TC_006_ValidateServices_RequestAppointment_Profile_Services - ***********Opening the Browser**********
22:32:33.987 [main] INFO  testCases.TC_006_ValidateServices_RequestAppointment_Profile_Services - ***Starting TC_006_ServiceValidation TestCase***
22:32:33.988 [main] INFO  testCases.TC_006_ValidateServices_RequestAppointment_Profile_Services - Home page is Launched!
22:32:34.085 [main] INFO  testCases.TC_006_ValidateServices_RequestAppointment_Profile_Services - Clicked on Login Button!
22:32:41.836 [main] INFO  testCases.TC_006_ValidateServices_RequestAppointment_Profile_Services - Entered Email!
22:32:42.058 [main] INFO  testCases.TC_006_ValidateServices_RequestAppointment_Profile_Services - Enter password!
22:32:42.194 [main] INFO  testCases.TC_006_ValidateServices_RequestAppointment_Profile_Services - Scrolled To click on LoginButton!
22:32:42.243 [main] INFO  testCases.TC_006_ValidateServices_RequestAppointment_Profile_Services - clicked on LoginButton!
22:33:01.982 [main] INFO  testCases.TC_006_ValidateServices_RequestAppointment_Profile_Services - ***********Closing the Browser**********
22:34:36.231 [main] INFO  org.testng.internal.Utils - [TestNG] Running:
  C:\Users\MS\eclipse-workspace\BlueChipServicesInternational\MainTestNG.xml

22:34:37.899 [main] INFO  testCases.TC_006_ValidateServices_RequestAppointment_Profile_Services - ***********Opening the Browser**********
22:35:15.518 [main] INFO  testCases.TC_006_ValidateServices_RequestAppointment_Profile_Services - ***Starting TC_006_ServiceValidation TestCase***
22:35:15.519 [main] INFO  testCases.TC_006_ValidateServices_RequestAppointment_Profile_Services - Home page is Launched!
22:35:15.564 [main] INFO  testCases.TC_006_ValidateServices_RequestAppointment_Profile_Services - Clicked on Login Button!
22:35:16.953 [main] INFO  testCases.TC_006_ValidateServices_RequestAppointment_Profile_Services - Entered Email!
22:35:17.178 [main] INFO  testCases.TC_006_ValidateServices_RequestAppointment_Profile_Services - Enter password!
22:35:17.340 [main] INFO  testCases.TC_006_ValidateServices_RequestAppointment_Profile_Services - Scrolled To click on LoginButton!
22:35:17.384 [main] INFO  testCases.TC_006_ValidateServices_RequestAppointment_Profile_Services - clicked on LoginButton!
22:35:20.886 [main] INFO  testCases.TC_006_ValidateServices_RequestAppointment_Profile_Services - clicked on servicesLink!
22:36:27.055 [main] INFO  testCases.TC_006_ValidateServices_RequestAppointment_Profile_Services - ***********Closing the Browser**********
22:39:23.797 [main] INFO  org.testng.internal.Utils - [TestNG] Running:
  C:\Users\MS\eclipse-workspace\BlueChipServicesInternational\MainTestNG.xml

22:39:26.094 [main] INFO  testCases.TC_006_ValidateServices_RequestAppointment_Profile_Services - ***********Opening the Browser**********
22:39:59.397 [main] INFO  testCases.TC_006_ValidateServices_RequestAppointment_Profile_Services - ***Starting TC_006_ServiceValidation TestCase***
22:39:59.398 [main] INFO  testCases.TC_006_ValidateServices_RequestAppointment_Profile_Services - Home page is Launched!
22:39:59.448 [main] INFO  testCases.TC_006_ValidateServices_RequestAppointment_Profile_Services - Clicked on Login Button!
22:40:05.066 [main] INFO  testCases.TC_006_ValidateServices_RequestAppointment_Profile_Services - Entered Email!
