21:30:52.402 [main] INFO  testCases.TC_004_LoginDDT - ****clicked on Logo Link****
21:30:56.770 [main] INFO  testCases.TC_004_LoginDDT - ===>Finished TC_004_Login DataDriven TestCase <===
21:30:56.782 [main] INFO  testCases.TC_004_LoginDDT - ***Starting TC_004_Login DDT***
21:30:56.783 [main] INFO  testCases.TC_004_LoginDDT - Home page is Launched!
21:30:56.787 [main] INFO  testCases.TC_004_LoginDDT - Clicked on Login Button!
21:30:57.286 [main] INFO  testCases.TC_004_LoginDDT - Entered Email from Excel!
21:30:57.557 [main] INFO  testCases.TC_004_LoginDDT - Enter password from Excel!
21:30:57.774 [main] INFO  testCases.TC_004_LoginDDT - Scrolled To click on LoginButton!
21:30:57.840 [main] INFO  testCases.TC_004_LoginDDT - clicked on LoginButton!
21:30:59.568 [main] INFO  testCases.TC_004_LoginDDT - Profile Title is Visible !
21:30:59.581 [main] INFO  testCases.TC_004_LoginDDT - ****clicked on Logo Link****
21:31:09.637 [main] INFO  testCases.TC_004_LoginDDT - ===>Finished TC_004_Login DataDriven TestCase <===
21:31:09.644 [main] INFO  testCases.TC_004_LoginDDT - ***Starting TC_004_Login DDT***
21:31:09.644 [main] INFO  testCases.TC_004_LoginDDT - Home page is Launched!
21:31:09.644 [main] INFO  testCases.TC_004_LoginDDT - Clicked on Login Button!
21:31:19.731 [main] INFO  testCases.TC_004_LoginDDT - ***Starting TC_004_Login DDT***
21:31:19.731 [main] INFO  testCases.TC_004_LoginDDT - Home page is Launched!
21:31:19.732 [main] INFO  testCases.TC_004_LoginDDT - Clicked on Login Button!
21:31:29.745 [main] INFO  testCases.TC_004_LoginDDT - ===>Finished TC_004_Login DataDriven TestCase <===
21:31:29.749 [main] INFO  testCases.TC_004_LoginDDT - ***Starting TC_004_Login DDT***
21:31:29.750 [main] INFO  testCases.TC_004_LoginDDT - Home page is Launched!
21:31:29.751 [main] INFO  testCases.TC_004_LoginDDT - Clicked on Login Button!
21:31:39.812 [main] INFO  testCases.TC_004_LoginDDT - ===>Finished TC_004_Login DataDriven TestCase <===
21:31:39.818 [main] INFO  testCases.TC_004_LoginDDT - ***Starting TC_004_Login DDT***
21:31:39.818 [main] INFO  testCases.TC_004_LoginDDT - Home page is Launched!
21:31:39.818 [main] INFO  testCases.TC_004_LoginDDT - Clicked on Login Button!
21:31:49.839 [main] INFO  testCases.TC_004_LoginDDT - ===>Finished TC_004_Login DataDriven TestCase <===
21:31:49.854 [main] INFO  testCases.TC_004_LoginDDT - ***Starting TC_004_Login DDT***
21:31:49.854 [main] INFO  testCases.TC_004_LoginDDT - Home page is Launched!
21:31:49.854 [main] INFO  testCases.TC_004_LoginDDT - Clicked on Login Button!
21:31:59.878 [main] INFO  testCases.TC_004_LoginDDT - ===>Finished TC_004_Login DataDriven TestCase <===
21:31:59.884 [main] INFO  testCases.TC_004_LoginDDT - ***Starting TC_004_Login DDT***
21:31:59.884 [main] INFO  testCases.TC_004_LoginDDT - Home page is Launched!
21:31:59.885 [main] INFO  testCases.TC_004_LoginDDT - Clicked on Login Button!
21:32:09.941 [main] INFO  testCases.TC_004_LoginDDT - ===>Finished TC_004_Login DataDriven TestCase <===
21:32:09.945 [main] INFO  testCases.TC_004_LoginDDT - ***Starting TC_004_Login DDT***
21:32:09.945 [main] INFO  testCases.TC_004_LoginDDT - Home page is Launched!
21:32:09.948 [main] INFO  testCases.TC_004_LoginDDT - Clicked on Login Button!
21:32:19.990 [main] INFO  testCases.TC_004_LoginDDT - ===>Finished TC_004_Login DataDriven TestCase <===
21:32:19.994 [main] INFO  testCases.TC_004_LoginDDT - ***Starting TC_004_Login DDT***
21:32:19.994 [main] INFO  testCases.TC_004_LoginDDT - Home page is Launched!
21:32:19.994 [main] INFO  testCases.TC_004_LoginDDT - Clicked on Login Button!
21:32:30.026 [main] INFO  testCases.TC_004_LoginDDT - ===>Finished TC_004_Login DataDriven TestCase <===
21:32:30.040 [main] INFO  testCases.TC_004_LoginDDT - ***********Closing the Browser**********
21:44:20.762 [main] INFO  org.testng.internal.Utils - [TestNG] Running:
  C:\Users\MS\eclipse-workspace\BlueChipServicesInternational\MainTestNG.xml

21:44:23.519 [main] INFO  testCases.TC_004_LoginDDT - ***********Opening the Browser**********
21:45:06.600 [main] INFO  testCases.TC_004_LoginDDT - ***Starting TC_004_Login DDT***
21:45:06.600 [main] INFO  testCases.TC_004_LoginDDT - Home page is Launched!
21:45:06.634 [main] INFO  testCases.TC_004_LoginDDT - Clicked on Login Button!
21:45:13.213 [main] INFO  testCases.TC_004_LoginDDT - Entered Email from Excel!
21:45:13.460 [main] INFO  testCases.TC_004_LoginDDT - Enter password from Excel!
21:45:13.625 [main] INFO  testCases.TC_004_LoginDDT - Scrolled To click on LoginButton!
21:45:13.661 [main] INFO  testCases.TC_004_LoginDDT - clicked on LoginButton!
21:45:22.524 [main] INFO  testCases.TC_004_LoginDDT - Profile Title is Visible !
21:45:22.539 [main] INFO  testCases.TC_004_LoginDDT - ****clicked on Logo Link****
21:45:25.988 [main] INFO  testCases.TC_004_LoginDDT - ===>Finished TC_004_Login DataDriven TestCase <===
21:45:26.012 [main] INFO  testCases.TC_004_LoginDDT - ***Starting TC_004_Login DDT***
