06:52:53.018 [main] INFO  testCases.TC_006_ValidateServices_RequestAppointment_Profile_Services - ***********Opening the Browser**********
06:53:14.596 [main] INFO  testCases.TC_006_ValidateServices_RequestAppointment_Profile_Services - ***Starting TC_006_ServiceValidation TestCase***
06:53:14.596 [main] INFO  testCases.TC_006_ValidateServices_RequestAppointment_Profile_Services - Home page is Launched!
06:53:14.658 [main] INFO  testCases.TC_006_ValidateServices_RequestAppointment_Profile_Services - Clicked on Login Button!
06:53:17.542 [main] INFO  testCases.TC_006_ValidateServices_RequestAppointment_Profile_Services - Entered Email!
06:53:17.867 [main] INFO  testCases.TC_006_ValidateServices_RequestAppointment_Profile_Services - Enter password!
06:53:18.021 [main] INFO  testCases.TC_006_ValidateServices_RequestAppointment_Profile_Services - Scrolled To click on LoginButton!
06:53:18.067 [main] INFO  testCases.TC_006_ValidateServices_RequestAppointment_Profile_Services - clicked on LoginButton!
06:53:24.236 [main] INFO  testCases.TC_006_ValidateServices_RequestAppointment_Profile_Services - clicked on servicesLink!
06:53:35.160 [main] INFO  testCases.TC_006_ValidateServices_RequestAppointment_Profile_Services - ***********Closing the Browser**********
06:55:38.772 [main] INFO  org.testng.internal.Utils - [TestNG] Running:
  C:\Users\MS\eclipse-workspace\BlueChipServicesInternational\MainTestNG.xml

06:55:41.413 [main] INFO  testCases.TC_006_ValidateServices_RequestAppointment_Profile_Services - ***********Opening the Browser**********
06:56:14.664 [main] INFO  testCases.TC_006_ValidateServices_RequestAppointment_Profile_Services - ***Starting TC_006_ServiceValidation TestCase***
06:56:14.664 [main] INFO  testCases.TC_006_ValidateServices_RequestAppointment_Profile_Services - Home page is Launched!
06:56:14.709 [main] INFO  testCases.TC_006_ValidateServices_RequestAppointment_Profile_Services - Clicked on Login Button!
06:56:19.732 [main] INFO  testCases.TC_006_ValidateServices_RequestAppointment_Profile_Services - Entered Email!
06:56:19.989 [main] INFO  testCases.TC_006_ValidateServices_RequestAppointment_Profile_Services - Enter password!
06:56:20.151 [main] INFO  testCases.TC_006_ValidateServices_RequestAppointment_Profile_Services - Scrolled To click on LoginButton!
06:56:20.208 [main] INFO  testCases.TC_006_ValidateServices_RequestAppointment_Profile_Services - clicked on LoginButton!
06:56:27.016 [main] INFO  testCases.TC_006_ValidateServices_RequestAppointment_Profile_Services - clicked on servicesLink!
06:56:59.069 [main] INFO  testCases.TC_006_ValidateServices_RequestAppointment_Profile_Services - ***********Closing the Browser**********
06:58:30.845 [main] INFO  org.testng.internal.Utils - [TestNG] Running:
  C:\Users\MS\eclipse-workspace\BlueChipServicesInternational\MainTestNG.xml

06:58:33.383 [main] INFO  testCases.TC_006_ValidateServices_RequestAppointment_Profile_Services - ***********Opening the Browser**********
06:59:02.844 [main] INFO  testCases.TC_006_ValidateServices_RequestAppointment_Profile_Services - ***Starting TC_006_ServiceValidation TestCase***
06:59:02.845 [main] INFO  testCases.TC_006_ValidateServices_RequestAppointment_Profile_Services - Home page is Launched!
06:59:02.896 [main] INFO  testCases.TC_006_ValidateServices_RequestAppointment_Profile_Services - Clicked on Login Button!
06:59:07.098 [main] INFO  testCases.TC_006_ValidateServices_RequestAppointment_Profile_Services - Entered Email!
06:59:07.401 [main] INFO  testCases.TC_006_ValidateServices_RequestAppointment_Profile_Services - Enter password!
06:59:07.568 [main] INFO  testCases.TC_006_ValidateServices_RequestAppointment_Profile_Services - Scrolled To click on LoginButton!
06:59:07.606 [main] INFO  testCases.TC_006_ValidateServices_RequestAppointment_Profile_Services - clicked on LoginButton!
06:59:12.452 [main] INFO  testCases.TC_006_ValidateServices_RequestAppointment_Profile_Services - clicked on servicesLink!
06:59:50.786 [main] INFO  testCases.TC_006_ValidateServices_RequestAppointment_Profile_Services - ***********Closing the Browser**********
07:02:53.769 [main] INFO  org.testng.internal.Utils - [TestNG] Running:
  C:\Users\MS\eclipse-workspace\BlueChipServicesInternational\MainTestNG.xml

07:02:56.114 [main] INFO  testCases.TC_006_ValidateServices_RequestAppointment_Profile_Services - ***********Opening the Browser**********
07:03:26.653 [main] INFO  testCases.TC_006_ValidateServices_RequestAppointment_Profile_Services - ***Starting TC_006_ServiceValidation TestCase***
07:03:26.653 [main] INFO  testCases.TC_006_ValidateServices_RequestAppointment_Profile_Services - Home page is Launched!
07:03:26.692 [main] INFO  testCases.TC_006_ValidateServices_RequestAppointment_Profile_Services - Clicked on Login Button!
07:03:30.442 [main] INFO  testCases.TC_006_ValidateServices_RequestAppointment_Profile_Services - Entered Email!
07:03:30.714 [main] INFO  testCases.TC_006_ValidateServices_RequestAppointment_Profile_Services - Enter password!
